<?xml version="1.0" encoding="UTF-8"?>
<!-- Generated by org.testng.reporters.JUnitReportReporter -->
<testsuite skipped="0" hostname="HP-PC" name="com.newtours.login" tests="1" failures="0" timestamp="2019-09-23T16:14:32 IST" time="16.825" errors="0">
  <testcase name="lofin2" time="16.825" classname="com.newtours.login"/>
</testsuite> <!-- com.newtours.login -->
