<?xml version="1.0" encoding="UTF-8"?>
<!-- Generated by org.testng.reporters.JUnitReportReporter -->
<testsuite skipped="0" hostname="HP-PC" name="Newtours.Multipledata" tests="1" failures="0" timestamp="23 Oct 2019 07:11:55 GMT" time="17.221" errors="0">
  <testcase name="lo" time="17.221" classname="Newtours.Multipledata"/>
</testsuite> <!-- Newtours.Multipledata -->
